  main.cpp
  ofApp.cpp
  ofxArtnet.cpp
  artnet.c
  misc.c
  network.c
  receive.c
  tod.c
..\..\..\addons\ofxArtnet\libs\artnet\src\tod.c(41): warning C4996: 'strerror': This function or variable may be unsafe. Consider using strerror_s instead. To disable deprecation, use _CRT_SECURE_NO_WARNINGS. See online help for details.
  C:\Program Files (x86)\Windows Kits\10\Include\10.0.10240.0\ucrt\string.h(178): note: see declaration of 'strerror'
..\..\..\addons\ofxArtnet\libs\artnet\src\tod.c(53): warning C4996: 'strerror': This function or variable may be unsafe. Consider using strerror_s instead. To disable deprecation, use _CRT_SECURE_NO_WARNINGS. See online help for details.
  C:\Program Files (x86)\Windows Kits\10\Include\10.0.10240.0\ucrt\string.h(178): note: see declaration of 'strerror'
  transmit.c
..\..\..\addons\ofxArtnet\libs\artnet\src\artnet.c(643): warning C4996: 'inet_addr': Use inet_pton() or InetPton() instead or define _WINSOCK_DEPRECATED_NO_WARNINGS to disable deprecated API warnings
  C:\Program Files (x86)\Windows Kits\8.1\Include\um\Winsock2.h(1850): note: see declaration of 'inet_addr'
..\..\..\addons\ofxArtnet\libs\artnet\src\artnet.c(599): warning C4101: 'i': unreferenced local variable
..\..\..\addons\ofxArtnet\libs\artnet\src\artnet.c(599): warning C4101: 'ret': unreferenced local variable
..\..\..\addons\ofxArtnet\libs\artnet\src\artnet.c(715): warning C4996: 'inet_addr': Use inet_pton() or InetPton() instead or define _WINSOCK_DEPRECATED_NO_WARNINGS to disable deprecated API warnings
  C:\Program Files (x86)\Windows Kits\8.1\Include\um\Winsock2.h(1850): note: see declaration of 'inet_addr'
..\..\..\addons\ofxArtnet\libs\artnet\src\artnet.c(671): warning C4101: 'i': unreferenced local variable
..\..\..\addons\ofxArtnet\libs\artnet\src\artnet.c(671): warning C4101: 'ret': unreferenced local variable
..\..\..\addons\ofxArtnet\libs\artnet\src\artnet.c(811): warning C4996: 'strncpy': This function or variable may be unsafe. Consider using strncpy_s instead. To disable deprecation, use _CRT_SECURE_NO_WARNINGS. See online help for details.
  C:\Program Files (x86)\Windows Kits\10\Include\10.0.10240.0\ucrt\string.h(346): note: see declaration of 'strncpy'
..\..\..\addons\ofxArtnet\libs\artnet\src\artnet.c(812): warning C4996: 'strncpy': This function or variable may be unsafe. Consider using strncpy_s instead. To disable deprecation, use _CRT_SECURE_NO_WARNINGS. See online help for details.
  C:\Program Files (x86)\Windows Kits\10\Include\10.0.10240.0\ucrt\string.h(346): note: see declaration of 'strncpy'
..\..\..\addons\ofxArtnet\libs\artnet\src\artnet.c(920): warning C4996: 'strerror': This function or variable may be unsafe. Consider using strerror_s instead. To disable deprecation, use _CRT_SECURE_NO_WARNINGS. See online help for details.
  C:\Program Files (x86)\Windows Kits\10\Include\10.0.10240.0\ucrt\string.h(178): note: see declaration of 'strerror'
..\..\..\addons\ofxArtnet\libs\artnet\src\artnet.c(1224): warning C4996: 'strncpy': This function or variable may be unsafe. Consider using strncpy_s instead. To disable deprecation, use _CRT_SECURE_NO_WARNINGS. See online help for details.
  C:\Program Files (x86)\Windows Kits\10\Include\10.0.10240.0\ucrt\string.h(346): note: see declaration of 'strncpy'
..\..\..\addons\ofxArtnet\libs\artnet\src\artnet.c(1241): warning C4996: 'strncpy': This function or variable may be unsafe. Consider using strncpy_s instead. To disable deprecation, use _CRT_SECURE_NO_WARNINGS. See online help for details.
  C:\Program Files (x86)\Windows Kits\10\Include\10.0.10240.0\ucrt\string.h(346): note: see declaration of 'strncpy'
..\..\..\addons\ofxArtnet\libs\artnet\src\artnet.c(1389): warning C4996: 'strncpy': This function or variable may be unsafe. Consider using strncpy_s instead. To disable deprecation, use _CRT_SECURE_NO_WARNINGS. See online help for details.
  C:\Program Files (x86)\Windows Kits\10\Include\10.0.10240.0\ucrt\string.h(346): note: see declaration of 'strncpy'
..\..\..\addons\ofxArtnet\libs\artnet\src\artnet.c(1390): warning C4996: 'strncpy': This function or variable may be unsafe. Consider using strncpy_s instead. To disable deprecation, use _CRT_SECURE_NO_WARNINGS. See online help for details.
  C:\Program Files (x86)\Windows Kits\10\Include\10.0.10240.0\ucrt\string.h(346): note: see declaration of 'strncpy'
..\..\..\addons\ofxArtnet\libs\artnet\src\artnet.c(1558): warning C4996: 'strerror': This function or variable may be unsafe. Consider using strerror_s instead. To disable deprecation, use _CRT_SECURE_NO_WARNINGS. See online help for details.
  C:\Program Files (x86)\Windows Kits\10\Include\10.0.10240.0\ucrt\string.h(178): note: see declaration of 'strerror'
..\..\..\addons\ofxArtnet\libs\artnet\src\receive.c(553): warning C4996: 'strerror': This function or variable may be unsafe. Consider using strerror_s instead. To disable deprecation, use _CRT_SECURE_NO_WARNINGS. See online help for details.
  C:\Program Files (x86)\Windows Kits\10\Include\10.0.10240.0\ucrt\string.h(178): note: see declaration of 'strerror'
C:\Users\Karina\Desktop\of_v0.9.8_vs_release\addons\ofxArtnet\libs\artnet\include\unistd_d.h(91): warning C4273: '_getpid': inconsistent dll linkage (compiling source file ..\..\..\addons\ofxArtnet\libs\artnet\src\network.c)
  C:\Program Files (x86)\Windows Kits\10\Include\10.0.10240.0\ucrt\process.h(104): note: see previous definition of '_getpid' (compiling source file ..\..\..\addons\ofxArtnet\libs\artnet\src\network.c)
C:\Users\Karina\Desktop\of_v0.9.8_vs_release\addons\ofxArtnet\libs\artnet\include\unistd_d.h(104): warning C4293: '>>': shift count negative or too big, undefined behavior (compiling source file ..\..\..\addons\ofxArtnet\libs\artnet\src\network.c)
..\..\..\addons\ofxArtnet\libs\artnet\src\network.c(89): warning C4996: 'strerror': This function or variable may be unsafe. Consider using strerror_s instead. To disable deprecation, use _CRT_SECURE_NO_WARNINGS. See online help for details.
  C:\Program Files (x86)\Windows Kits\10\Include\10.0.10240.0\ucrt\string.h(178): note: see declaration of 'strerror'
..\..\..\addons\ofxArtnet\libs\artnet\src\network.c(149): warning C4996: 'inet_addr': Use inet_pton() or InetPton() instead or define _WINSOCK_DEPRECATED_NO_WARNINGS to disable deprecated API warnings
  C:\Program Files (x86)\Windows Kits\8.1\Include\um\winsock2.h(1850): note: see declaration of 'inet_addr'
..\..\..\addons\ofxArtnet\libs\artnet\src\network.c(157): warning C4996: 'inet_addr': Use inet_pton() or InetPton() instead or define _WINSOCK_DEPRECATED_NO_WARNINGS to disable deprecated API warnings
  C:\Program Files (x86)\Windows Kits\8.1\Include\um\winsock2.h(1850): note: see declaration of 'inet_addr'
..\..\..\addons\ofxArtnet\libs\artnet\src\network.c(158): warning C4996: 'strncpy': This function or variable may be unsafe. Consider using strncpy_s instead. To disable deprecation, use _CRT_SECURE_NO_WARNINGS. See online help for details.
  C:\Program Files (x86)\Windows Kits\10\Include\10.0.10240.0\ucrt\string.h(346): note: see declaration of 'strncpy'
..\..\..\addons\ofxArtnet\libs\artnet\src\network.c(282): warning C4996: 'inet_ntoa': Use inet_ntop() or InetNtop() instead or define _WINSOCK_DEPRECATED_NO_WARNINGS to disable deprecated API warnings
  C:\Program Files (x86)\Windows Kits\8.1\Include\um\winsock2.h(1868): note: see declaration of 'inet_ntoa'
..\..\..\addons\ofxArtnet\libs\artnet\src\network.c(283): warning C4996: 'inet_ntoa': Use inet_ntop() or InetNtop() instead or define _WINSOCK_DEPRECATED_NO_WARNINGS to disable deprecated API warnings
  C:\Program Files (x86)\Windows Kits\8.1\Include\um\winsock2.h(1868): note: see declaration of 'inet_ntoa'
..\..\..\addons\ofxArtnet\libs\artnet\src\network.c(372): warning C4996: 'inet_ntoa': Use inet_ntop() or InetNtop() instead or define _WINSOCK_DEPRECATED_NO_WARNINGS to disable deprecated API warnings
  C:\Program Files (x86)\Windows Kits\8.1\Include\um\winsock2.h(1868): note: see declaration of 'inet_ntoa'
..\..\..\addons\ofxArtnet\libs\artnet\src\network.c(501): warning C4996: 'inet_ntoa': Use inet_ntop() or InetNtop() instead or define _WINSOCK_DEPRECATED_NO_WARNINGS to disable deprecated API warnings
  C:\Program Files (x86)\Windows Kits\8.1\Include\um\winsock2.h(1868): note: see declaration of 'inet_ntoa'
..\..\..\addons\ofxArtnet\libs\artnet\src\network.c(583): warning C4996: 'inet_addr': Use inet_pton() or InetPton() instead or define _WINSOCK_DEPRECATED_NO_WARNINGS to disable deprecated API warnings
  C:\Program Files (x86)\Windows Kits\8.1\Include\um\winsock2.h(1850): note: see declaration of 'inet_addr'
..\..\..\addons\ofxArtnet\libs\artnet\src\network.c(599): warning C4996: '_snprintf': This function or variable may be unsafe. Consider using _snprintf_s instead. To disable deprecation, use _CRT_SECURE_NO_WARNINGS. See online help for details.
  C:\Program Files (x86)\Windows Kits\10\Include\10.0.10240.0\ucrt\stdio.h(1952): note: see declaration of '_snprintf'
  ofxAutoReloadedShader.cpp
  ofxBaseGui.cpp
  ofxButton.cpp
..\..\..\addons\ofxArtnet\libs\artnet\src\transmit.c(91): warning C4996: '_snprintf': This function or variable may be unsafe. Consider using _snprintf_s instead. To disable deprecation, use _CRT_SECURE_NO_WARNINGS. See online help for details.
  C:\Program Files (x86)\Windows Kits\10\Include\10.0.10240.0\ucrt\stdio.h(1952): note: see declaration of '_snprintf'
  ofxGuiGroup.cpp
  ofxLabel.cpp
  ofxPanel.cpp
  ofxSlider.cpp
  ofxSliderGroup.cpp
  ofxToggle.cpp
  ofxOscBundle.cpp
  ofxOscMessage.cpp
  ofxOscParameterSync.cpp
  ofxOscReceiver.cpp
  ofxOscSender.cpp
  IpEndpointName.cpp
..\..\..\addons\ofxOsc\libs\oscpack\src\ip\IpEndpointName.cpp(54): warning C4996: 'sprintf': This function or variable may be unsafe. Consider using sprintf_s instead. To disable deprecation, use _CRT_SECURE_NO_WARNINGS. See online help for details.
  C:\Program Files (x86)\Windows Kits\10\Include\10.0.10240.0\ucrt\stdio.h(1769): note: see declaration of 'sprintf'
..\..\..\addons\ofxOsc\libs\oscpack\src\ip\IpEndpointName.cpp(56): warning C4996: 'sprintf': This function or variable may be unsafe. Consider using sprintf_s instead. To disable deprecation, use _CRT_SECURE_NO_WARNINGS. See online help for details.
  C:\Program Files (x86)\Windows Kits\10\Include\10.0.10240.0\ucrt\stdio.h(1769): note: see declaration of 'sprintf'
..\..\..\addons\ofxOsc\libs\oscpack\src\ip\IpEndpointName.cpp(69): warning C4996: 'sprintf': This function or variable may be unsafe. Consider using sprintf_s instead. To disable deprecation, use _CRT_SECURE_NO_WARNINGS. See online help for details.
  C:\Program Files (x86)\Windows Kits\10\Include\10.0.10240.0\ucrt\stdio.h(1769): note: see declaration of 'sprintf'
..\..\..\addons\ofxOsc\libs\oscpack\src\ip\IpEndpointName.cpp(71): warning C4996: 'sprintf': This function or variable may be unsafe. Consider using sprintf_s instead. To disable deprecation, use _CRT_SECURE_NO_WARNINGS. See online help for details.
  C:\Program Files (x86)\Windows Kits\10\Include\10.0.10240.0\ucrt\stdio.h(1769): note: see declaration of 'sprintf'
..\..\..\addons\ofxOsc\libs\oscpack\src\ip\IpEndpointName.cpp(79): warning C4996: 'sprintf': This function or variable may be unsafe. Consider using sprintf_s instead. To disable deprecation, use _CRT_SECURE_NO_WARNINGS. See online help for details.
  C:\Program Files (x86)\Windows Kits\10\Include\10.0.10240.0\ucrt\stdio.h(1769): note: see declaration of 'sprintf'
..\..\..\addons\ofxOsc\libs\oscpack\src\ip\IpEndpointName.cpp(81): warning C4996: 'sprintf': This function or variable may be unsafe. Consider using sprintf_s instead. To disable deprecation, use _CRT_SECURE_NO_WARNINGS. See online help for details.
  C:\Program Files (x86)\Windows Kits\10\Include\10.0.10240.0\ucrt\stdio.h(1769): note: see declaration of 'sprintf'
  NetworkingUtils.cpp
..\..\..\addons\ofxOsc\libs\oscpack\src\ip\win32\NetworkingUtils.cpp(88): warning C4996: 'gethostbyname': Use getaddrinfo() or GetAddrInfoW() instead or define _WINSOCK_DEPRECATED_NO_WARNINGS to disable deprecated API warnings
  C:\Program Files (x86)\Windows Kits\8.1\Include\um\winsock2.h(2238): note: see declaration of 'gethostbyname'
  UdpSocket.cpp
  OscOutboundPacketStream.cpp
  OscPrintReceivedElements.cpp
..\..\..\addons\ofxOsc\libs\oscpack\src\osc\OscOutboundPacketStream.cpp(363): warning C4996: 'strcpy': This function or variable may be unsafe. Consider using strcpy_s instead. To disable deprecation, use _CRT_SECURE_NO_WARNINGS. See online help for details.
  C:\Program Files (x86)\Windows Kits\10\Include\10.0.10240.0\ucrt\string.h(119): note: see declaration of 'strcpy'
..\..\..\addons\ofxOsc\libs\oscpack\src\osc\OscOutboundPacketStream.cpp(605): warning C4996: 'strcpy': This function or variable may be unsafe. Consider using strcpy_s instead. To disable deprecation, use _CRT_SECURE_NO_WARNINGS. See online help for details.
  C:\Program Files (x86)\Windows Kits\10\Include\10.0.10240.0\ucrt\string.h(119): note: see declaration of 'strcpy'
..\..\..\addons\ofxOsc\libs\oscpack\src\osc\OscOutboundPacketStream.cpp(625): warning C4996: 'strcpy': This function or variable may be unsafe. Consider using strcpy_s instead. To disable deprecation, use _CRT_SECURE_NO_WARNINGS. See online help for details.
  C:\Program Files (x86)\Windows Kits\10\Include\10.0.10240.0\ucrt\string.h(119): note: see declaration of 'strcpy'
  OscReceivedElements.cpp
  OscTypes.cpp
  ofxXmlSettings.cpp
  tinyxml.cpp
  tinyxmlerror.cpp
  tinyxmlparser.cpp
..\..\..\addons\ofxOsc\libs\oscpack\src\osc\OscPrintReceivedElements.cpp(129): warning C4996: 'ctime': This function or variable may be unsafe. Consider using ctime_s instead. To disable deprecation, use _CRT_SECURE_NO_WARNINGS. See online help for details.
  C:\Program Files (x86)\Windows Kits\10\Include\10.0.10240.0\ucrt\time.h(475): note: see declaration of 'ctime'
     Creating library bin\vividWindows_debug.lib and object bin\vividWindows_debug.exp
  vividWindows.vcxproj -> C:\Users\Karina\Desktop\of_v0.9.8_vs_release\apps\myApps\vividWindows\bin\vividWindows_debug.exe
  vividWindows.vcxproj -> bin\vividWindows_debug.pdb (Full PDB)
  
  	                   9	C:\Users\Karina\Desktop\of_v0.9.8_vs_release\export\vs\Win32\
  	    New File  		 2939392	C:\Users\Karina\Desktop\of_v0.9.8_vs_release\export\vs\Win32\assimp.dll
  	    New File  		 1266176	C:\Users\Karina\Desktop\of_v0.9.8_vs_release\export\vs\Win32\fmodex.dll
  	    New File  		 1312768	C:\Users\Karina\Desktop\of_v0.9.8_vs_release\export\vs\Win32\fmodexL.dll
  	    New File  		 5647872	C:\Users\Karina\Desktop\of_v0.9.8_vs_release\export\vs\Win32\FreeImage.dll
  	    New File  		  580608	C:\Users\Karina\Desktop\of_v0.9.8_vs_release\export\vs\Win32\freetype.dll
  	    New File  		  237568	C:\Users\Karina\Desktop\of_v0.9.8_vs_release\export\vs\Win32\glut32.dll
  	    New File  		 1178624	C:\Users\Karina\Desktop\of_v0.9.8_vs_release\export\vs\Win32\libeay32.dll
  	    New File  		  269824	C:\Users\Karina\Desktop\of_v0.9.8_vs_release\export\vs\Win32\ssleay32.dll
  	    New File  		   69632	C:\Users\Karina\Desktop\of_v0.9.8_vs_release\export\vs\Win32\Zlib.dll
